{"timestamp": "2026-06-22 21:09:43,490", "level": "INFO", "logger": "docmind.access", "message": "request", "endpoint": "/health", "method": "GET", "status": 200, "latency_ms": 48}
{"timestamp": "2026-06-22 21:10:35,034", "level": "INFO", "logger": "docmind.access", "message": "request", "endpoint": "/health", "method": "GET", "status": 200, "latency_ms": 3}
{"timestamp": "2026-06-22 21:47:43,654", "level": "INFO", "logger": "docmind.access", "message": "request", "endpoint": "/health", "method": "GET", "status": 200, "latency_ms": 38}
{"timestamp": "2026-06-22 21:50:01,533", "level": "INFO", "logger": "docmind.access", "message": "request", "endpoint": "/openapi.json", "method": "GET", "status": 200, "latency_ms": 93}
{"timestamp": "2026-06-22 22:13:59,199", "level": "INFO", "logger": "docmind.access", "message": "request", "endpoint": "/openapi.json", "method": "GET", "status": 200, "latency_ms": 124}
{"timestamp": "2026-06-22 22:15:10,124", "level": "INFO", "logger": "docmind.access", "message": "request", "endpoint": "/health", "method": "GET", "status": 200, "latency_ms": 8}
{"timestamp": "2026-06-22 22:24:16,902", "level": "INFO", "logger": "docmind.access", "message": "request", "endpoint": "/openapi.json", "method": "GET", "status": 200, "latency_ms": 144}
{"timestamp": "2026-06-23 09:58:03,094", "level": "INFO", "logger": "docmind.access", "message": "request", "endpoint": "/openapi.json", "method": "GET", "status": 200, "latency_ms": 139}
{"timestamp": "2026-06-23 12:55:09,055", "level": "INFO", "logger": "docmind.access", "message": "request", "endpoint": "/", "method": "GET", "status": 404, "latency_ms": 114}
{"timestamp": "2026-06-23 12:55:09,116", "level": "INFO", "logger": "docmind.access", "message": "request", "endpoint": "/favicon.ico", "method": "GET", "status": 404, "latency_ms": 1}
{"timestamp": "2026-06-23 12:55:22,257", "level": "INFO", "logger": "docmind.access", "message": "request", "endpoint": "/", "method": "GET", "status": 404, "latency_ms": 1}
{"timestamp": "2026-06-23 12:55:23,708", "level": "INFO", "logger": "docmind.access", "message": "request", "endpoint": "/", "method": "GET", "status": 404, "latency_ms": 2}
{"timestamp": "2026-06-23 13:00:53,650", "level": "INFO", "logger": "docmind.access", "message": "request", "endpoint": "/docs", "method": "GET", "status": 200, "latency_ms": 19}
{"timestamp": "2026-06-23 13:01:00,193", "level": "INFO", "logger": "docmind.access", "message": "request", "endpoint": "/docs", "method": "GET", "status": 200, "latency_ms": 1}
{"timestamp": "2026-06-23 13:01:17,729", "level": "INFO", "logger": "docmind.access", "message": "request", "endpoint": "/docs", "method": "GET", "status": 200, "latency_ms": 1}
{"timestamp": "2026-06-23 13:02:47,425", "level": "INFO", "logger": "docmind.access", "message": "request", "endpoint": "/docs", "method": "GET", "status": 200, "latency_ms": 2}
{"timestamp": "2026-06-23 13:02:49,156", "level": "INFO", "logger": "docmind.access", "message": "request", "endpoint": "/docs", "method": "GET", "status": 200, "latency_ms": 0}
{"timestamp": "2026-06-23 13:02:49,485", "level": "INFO", "logger": "docmind.access", "message": "request", "endpoint": "/docs", "method": "GET", "status": 200, "latency_ms": 1}
{"timestamp": "2026-06-23 13:02:49,854", "level": "INFO", "logger": "docmind.access", "message": "request", "endpoint": "/docs", "method": "GET", "status": 200, "latency_ms": 3}
{"timestamp": "2026-06-23 13:02:50,484", "level": "INFO", "logger": "docmind.access", "message": "request", "endpoint": "/docs", "method": "GET", "status": 200, "latency_ms": 2}
{"timestamp": "2026-06-23 13:02:50,786", "level": "INFO", "logger": "docmind.access", "message": "request", "endpoint": "/docs", "method": "GET", "status": 200, "latency_ms": 0}
{"timestamp": "2026-06-23 13:02:51,103", "level": "INFO", "logger": "docmind.access", "message": "request", "endpoint": "/docs", "method": "GET", "status": 200, "latency_ms": 0}
{"timestamp": "2026-06-23 13:02:51,608", "level": "INFO", "logger": "docmind.access", "message": "request", "endpoint": "/docs", "method": "GET", "status": 200, "latency_ms": 0}
{"timestamp": "2026-06-23 13:02:51,938", "level": "INFO", "logger": "docmind.access", "message": "request", "endpoint": "/docs", "method": "GET", "status": 200, "latency_ms": 0}
{"timestamp": "2026-06-23 13:02:52,261", "level": "INFO", "logger": "docmind.access", "message": "request", "endpoint": "/docs", "method": "GET", "status": 200, "latency_ms": 0}
{"timestamp": "2026-06-23 13:02:52,649", "level": "INFO", "logger": "docmind.access", "message": "request", "endpoint": "/docs", "method": "GET", "status": 200, "latency_ms": 0}
{"timestamp": "2026-06-23 13:07:04,520", "level": "INFO", "logger": "docmind.access", "message": "request", "endpoint": "/openapi.json", "method": "GET", "status": 200, "latency_ms": 296}
{"timestamp": "2026-06-23 13:07:34,618", "level": "INFO", "logger": "docmind.access", "message": "request", "endpoint": "/redoc", "method": "GET", "status": 200, "latency_ms": 10}
{"timestamp": "2026-06-23 13:11:02,265", "level": "INFO", "logger": "docmind.access", "message": "request", "endpoint": "/", "method": "GET", "status": 404, "latency_ms": 23}
{"timestamp": "2026-06-23 13:26:18,275", "level": "INFO", "logger": "docmind.access", "message": "request", "endpoint": "/", "method": "GET", "status": 404, "latency_ms": 102}
{"timestamp": "2026-06-23 13:27:45,922", "level": "INFO", "logger": "docmind.access", "message": "request", "endpoint": "/", "method": "GET", "status": 404, "latency_ms": 66}
{"timestamp": "2026-06-23 13:27:55,652", "level": "INFO", "logger": "docmind.access", "message": "request", "endpoint": "/docs", "method": "GET", "status": 200, "latency_ms": 2}
{"timestamp": "2026-06-23 13:32:42,217", "level": "INFO", "logger": "docmind.access", "message": "request", "endpoint": "/docs", "method": "GET", "status": 200, "latency_ms": 21}
{"timestamp": "2026-06-23 13:34:36,732", "level": "INFO", "logger": "docmind.access", "message": "request", "endpoint": "/docs", "method": "GET", "status": 200, "latency_ms": 13}
{"timestamp": "2026-06-23 13:34:40,705", "level": "INFO", "logger": "docmind.access", "message": "request", "endpoint": "/docs", "method": "GET", "status": 200, "latency_ms": 1}
{"timestamp": "2026-06-23 13:34:53,029", "level": "INFO", "logger": "docmind.access", "message": "request", "endpoint": "/docs", "method": "GET", "status": 200, "latency_ms": 15}
{"timestamp": "2026-06-23 13:35:22,862", "level": "INFO", "logger": "docmind.access", "message": "request", "endpoint": "/docs", "method": "GET", "status": 200, "latency_ms": 14}
{"timestamp": "2026-06-23 13:40:11,540", "level": "INFO", "logger": "docmind.access", "message": "request", "endpoint": "/openapi.json", "method": "GET", "status": 200, "latency_ms": 385}
{"timestamp": "2026-06-23 13:40:11,647", "level": "INFO", "logger": "docmind.access", "message": "request", "endpoint": "/favicon.ico", "method": "GET", "status": 404, "latency_ms": 7}
{"timestamp": "2026-06-23 13:42:32,046", "level": "INFO", "logger": "docmind.access", "message": "request", "endpoint": "/docs", "method": "GET", "status": 200, "latency_ms": 2}
{"timestamp": "2026-06-23 13:42:34,252", "level": "INFO", "logger": "docmind.access", "message": "request", "endpoint": "/docs", "method": "GET", "status": 200, "latency_ms": 0}
{"timestamp": "2026-06-23 13:42:36,571", "level": "INFO", "logger": "docmind.access", "message": "request", "endpoint": "/openapi.json", "method": "GET", "status": 200, "latency_ms": 3}
{"timestamp": "2026-06-23 13:42:36,605", "level": "INFO", "logger": "docmind.access", "message": "request", "endpoint": "/favicon.ico", "method": "GET", "status": 404, "latency_ms": 1}
{"timestamp": "2026-06-23 13:42:39,568", "level": "INFO", "logger": "docmind.access", "message": "request", "endpoint": "/docs", "method": "GET", "status": 200, "latency_ms": 1}
{"timestamp": "2026-06-23 13:42:39,783", "level": "INFO", "logger": "docmind.access", "message": "request", "endpoint": "/docs", "method": "GET", "status": 200, "latency_ms": 1}
{"timestamp": "2026-06-23 13:42:39,994", "level": "INFO", "logger": "docmind.access", "message": "request", "endpoint": "/docs", "method": "GET", "status": 200, "latency_ms": 1}
{"timestamp": "2026-06-23 13:42:40,200", "level": "INFO", "logger": "docmind.access", "message": "request", "endpoint": "/docs", "method": "GET", "status": 200, "latency_ms": 0}
{"timestamp": "2026-06-23 13:50:44,618", "level": "INFO", "logger": "docmind.access", "message": "request", "endpoint": "/", "method": "GET", "status": 404, "latency_ms": 83}
{"timestamp": "2026-06-23 13:50:55,101", "level": "INFO", "logger": "docmind.access", "message": "request", "endpoint": "/", "method": "GET", "status": 404, "latency_ms": 1}
{"timestamp": "2026-06-23 13:51:06,010", "level": "INFO", "logger": "docmind.access", "message": "request", "endpoint": "/redoc", "method": "GET", "status": 200, "latency_ms": 0}
{"timestamp": "2026-06-23 13:51:19,040", "level": "INFO", "logger": "docmind.access", "message": "request", "endpoint": "/openapi.json", "method": "GET", "status": 200, "latency_ms": 86}
{"timestamp": "2026-06-23 13:51:19,155", "level": "INFO", "logger": "docmind.access", "message": "request", "endpoint": "/favicon.ico", "method": "GET", "status": 404, "latency_ms": 1}
{"timestamp": "2026-06-23 13:53:54,970", "level": "INFO", "logger": "docmind.access", "message": "request", "endpoint": "/docs", "method": "GET", "status": 200, "latency_ms": 7}
{"timestamp": "2026-06-23 13:54:19,336", "level": "INFO", "logger": "docmind.access", "message": "request", "endpoint": "/redoc", "method": "GET", "status": 200, "latency_ms": 2}
{"timestamp": "2026-06-23 13:59:42,789", "level": "INFO", "logger": "docmind.access", "message": "request", "endpoint": "/", "method": "GET", "status": 404, "latency_ms": 77}
{"timestamp": "2026-06-23 14:00:27,230", "level": "INFO", "logger": "docmind.access", "message": "request", "endpoint": "/docs", "method": "GET", "status": 200, "latency_ms": 1}
{"timestamp": "2026-06-23 14:01:10,816", "level": "INFO", "logger": "docmind.access", "message": "request", "endpoint": "/docs", "method": "GET", "status": 200, "latency_ms": 0}
{"timestamp": "2026-06-23 14:01:32,317", "level": "INFO", "logger": "docmind.access", "message": "request", "endpoint": "/docs", "method": "GET", "status": 200, "latency_ms": 1}
{"timestamp": "2026-06-23 14:30:51,631", "level": "INFO", "logger": "docmind.access", "message": "request", "endpoint": "/", "method": "GET", "status": 404, "latency_ms": 60}
{"timestamp": "2026-06-23 14:31:39,126", "level": "INFO", "logger": "docmind.access", "message": "request", "endpoint": "/", "method": "GET", "status": 404, "latency_ms": 4}
{"timestamp": "2026-06-23 14:32:45,524", "level": "INFO", "logger": "docmind.access", "message": "request", "endpoint": "/docs", "method": "GET", "status": 200, "latency_ms": 4}
{"timestamp": "2026-06-23 14:32:46,818", "level": "INFO", "logger": "docmind.access", "message": "request", "endpoint": "/openapi.json", "method": "GET", "status": 200, "latency_ms": 153}
{"timestamp": "2026-06-23 14:40:16,974", "level": "INFO", "logger": "docmind.access", "message": "request", "endpoint": "/auth/signup", "method": "POST", "status": 400, "latency_ms": 497}
{"timestamp": "2026-06-23 14:40:53,442", "level": "INFO", "logger": "docmind.access", "message": "request", "endpoint": "/auth/signup", "method": "POST", "status": 400, "latency_ms": 7}
{"timestamp": "2026-06-23 14:40:54,873", "level": "INFO", "logger": "docmind.access", "message": "request", "endpoint": "/auth/signup", "method": "POST", "status": 400, "latency_ms": 6}
{"timestamp": "2026-06-23 14:59:04,072", "level": "INFO", "logger": "docmind.access", "message": "request", "endpoint": "/auth/signup", "method": "GET", "status": 405, "latency_ms": 18}
{"timestamp": "2026-06-23 14:59:04,249", "level": "INFO", "logger": "docmind.access", "message": "request", "endpoint": "/favicon.ico", "method": "GET", "status": 404, "latency_ms": 11}
{"timestamp": "2026-06-23 15:52:44,814", "level": "INFO", "logger": "docmind.access", "message": "request", "endpoint": "/", "method": "GET", "status": 404, "latency_ms": 93}
{"timestamp": "2026-06-23 15:53:05,511", "level": "INFO", "logger": "docmind.access", "message": "request", "endpoint": "/", "method": "GET", "status": 404, "latency_ms": 1}
{"timestamp": "2026-06-23 15:53:28,607", "level": "INFO", "logger": "docmind.access", "message": "request", "endpoint": "/docs", "method": "GET", "status": 200, "latency_ms": 2}
{"timestamp": "2026-06-23 15:53:29,303", "level": "INFO", "logger": "docmind.access", "message": "request", "endpoint": "/openapi.json", "method": "GET", "status": 200, "latency_ms": 218}
{"timestamp": "2026-06-23 15:54:31,952", "level": "INFO", "logger": "docmind.access", "message": "request", "endpoint": "/auth/signup", "method": "POST", "status": 400, "latency_ms": 47}
{"timestamp": "2026-06-23 15:54:55,435", "level": "INFO", "logger": "docmind.access", "message": "request", "endpoint": "/auth/signup", "method": "POST", "status": 400, "latency_ms": 5}
{"timestamp": "2026-06-23 15:55:09,641", "level": "INFO", "logger": "docmind.access", "message": "request", "endpoint": "/auth/signup", "method": "POST", "status": 400, "latency_ms": 7}
{"timestamp": "2026-06-23 15:55:29,406", "level": "INFO", "logger": "docmind.access", "message": "request", "endpoint": "/auth/signup", "method": "POST", "status": 429, "latency_ms": 6}
{"timestamp": "2026-06-23 15:55:57,373", "level": "INFO", "logger": "docmind.access", "message": "request", "endpoint": "/auth/signup", "method": "POST", "status": 429, "latency_ms": 6}
{"timestamp": "2026-06-23 16:06:51,956", "level": "INFO", "logger": "docmind.access", "message": "request", "endpoint": "/auth/signup", "method": "POST", "status": 200, "latency_ms": 3703}
{"timestamp": "2026-06-23 18:12:56,960", "level": "INFO", "logger": "docmind.access", "message": "request", "endpoint": "/auth/signup", "method": "POST", "status": 200, "latency_ms": 1437}
{"timestamp": "2026-06-23 18:19:13,416", "level": "INFO", "logger": "docmind.access", "message": "request", "endpoint": "/auth/login", "method": "POST", "status": 401, "latency_ms": 1027}
{"timestamp": "2026-06-23 18:23:30,001", "level": "INFO", "logger": "docmind.access", "message": "request", "endpoint": "/auth/login", "method": "POST", "status": 401, "latency_ms": 817}
{"timestamp": "2026-06-23 18:25:09,299", "level": "INFO", "logger": "docmind.access", "message": "request", "endpoint": "/auth/login", "method": "POST", "status": 401, "latency_ms": 1526}
{"timestamp": "2026-06-23 18:27:16,401", "level": "INFO", "logger": "docmind.access", "message": "request", "endpoint": "/auth/login", "method": "POST", "status": 401, "latency_ms": 695}
{"timestamp": "2026-06-23 18:37:35,694", "level": "INFO", "logger": "docmind.access", "message": "request", "endpoint": "/", "method": "GET", "status": 404, "latency_ms": 81}
{"timestamp": "2026-06-23 18:38:56,398", "level": "INFO", "logger": "docmind.access", "message": "request", "endpoint": "/auth/login", "method": "POST", "status": 401, "latency_ms": 1915}
{"timestamp": "2026-06-23 18:39:35,436", "level": "INFO", "logger": "docmind.access", "message": "request", "endpoint": "/", "method": "GET", "status": 404, "latency_ms": 20}
{"timestamp": "2026-06-23 18:44:55,748", "level": "INFO", "logger": "docmind.access", "message": "request", "endpoint": "/openapi.json", "method": "GET", "status": 200, "latency_ms": 259}
{"timestamp": "2026-06-23 18:44:55,977", "level": "INFO", "logger": "docmind.access", "message": "request", "endpoint": "/favicon.ico", "method": "GET", "status": 404, "latency_ms": 4}
{"timestamp": "2026-06-23 19:42:55,013", "level": "INFO", "logger": "docmind.access", "message": "request", "endpoint": "/docs", "method": "GET", "status": 200, "latency_ms": 23}
{"timestamp": "2026-06-23 19:42:55,685", "level": "INFO", "logger": "docmind.access", "message": "request", "endpoint": "/openapi.json", "method": "GET", "status": 200, "latency_ms": 18}
{"timestamp": "2026-06-23 19:44:02,235", "level": "INFO", "logger": "docmind.access", "message": "request", "endpoint": "/auth/login", "method": "POST", "status": 401, "latency_ms": 1041}
{"timestamp": "2026-06-23 19:45:11,667", "level": "INFO", "logger": "docmind.access", "message": "request", "endpoint": "/auth/login", "method": "POST", "status": 401, "latency_ms": 901}
{"timestamp": "2026-06-23 19:46:05,778", "level": "INFO", "logger": "docmind.access", "message": "request", "endpoint": "/auth/verify-email", "method": "POST", "status": 200, "latency_ms": 80}
{"timestamp": "2026-06-23 19:47:08,566", "level": "INFO", "logger": "docmind.access", "message": "request", "endpoint": "/auth/verify", "method": "POST", "status": 400, "latency_ms": 4}
{"timestamp": "2026-06-23 19:47:56,547", "level": "INFO", "logger": "docmind.access", "message": "request", "endpoint": "/auth/login", "method": "POST", "status": 401, "latency_ms": 20043}
{"timestamp": "2026-06-23 19:48:23,068", "level": "INFO", "logger": "docmind.access", "message": "request", "endpoint": "/auth/login", "method": "POST", "status": 401, "latency_ms": 117}
{"timestamp": "2026-06-23 19:49:16,245", "level": "INFO", "logger": "docmind.access", "message": "request", "endpoint": "/auth/login", "method": "POST", "status": 401, "latency_ms": 23}
{"timestamp": "2026-06-23 19:49:25,965", "level": "INFO", "logger": "docmind.access", "message": "request", "endpoint": "/auth/login", "method": "POST", "status": 401, "latency_ms": 6}
{"timestamp": "2026-06-23 19:51:02,981", "level": "INFO", "logger": "docmind.access", "message": "request", "endpoint": "/auth/signup", "method": "POST", "status": 400, "latency_ms": 58}
{"timestamp": "2026-06-23 19:51:35,928", "level": "INFO", "logger": "docmind.access", "message": "request", "endpoint": "/auth/signup", "method": "POST", "status": 422, "latency_ms": 11}
{"timestamp": "2026-06-23 20:07:02,693", "level": "INFO", "logger": "docmind.access", "message": "request", "endpoint": "/auth/login", "method": "POST", "status": 401, "latency_ms": 1433}
{"timestamp": "2026-06-23 20:44:06,394", "level": "INFO", "logger": "docmind.access", "message": "request", "endpoint": "/auth/signup", "method": "POST", "status": 422, "latency_ms": 729}
{"timestamp": "2026-06-23 20:45:11,175", "level": "INFO", "logger": "docmind.access", "message": "request", "endpoint": "/auth/signup", "method": "POST", "status": 200, "latency_ms": 2027}
{"timestamp": "2026-06-23 20:45:26,299", "level": "INFO", "logger": "docmind.access", "message": "request", "endpoint": "/auth/login", "method": "POST", "status": 200, "latency_ms": 1564}
{"timestamp": "2026-06-23 20:45:44,232", "level": "INFO", "logger": "docmind.access", "message": "request", "endpoint": "/auth/verify-email", "method": "POST", "status": 200, "latency_ms": 14}
{"timestamp": "2026-06-23 21:16:40,700", "level": "INFO", "logger": "docmind.access", "message": "request", "endpoint": "/auth/login", "method": "POST", "status": 200, "latency_ms": 1332}
{"timestamp": "2026-06-23 21:22:38,937", "level": "INFO", "logger": "docmind.access", "message": "request", "endpoint": "/libraries", "method": "POST", "status": 200, "latency_ms": 364}
{"timestamp": "2026-06-23 21:28:28,436", "level": "INFO", "logger": "docmind.access", "message": "request", "endpoint": "/libraries", "method": "GET", "status": 200, "latency_ms": 89}
{"timestamp": "2026-06-23 21:29:50,614", "level": "INFO", "logger": "docmind.access", "message": "request", "endpoint": "/libraries/1", "method": "DELETE", "status": 200, "latency_ms": 43}
{"timestamp": "2026-06-23 21:30:09,052", "level": "INFO", "logger": "docmind.access", "message": "request", "endpoint": "/libraries/0", "method": "DELETE", "status": 200, "latency_ms": 15}
{"timestamp": "2026-06-23 21:30:18,391", "level": "INFO", "logger": "docmind.access", "message": "request", "endpoint": "/docs", "method": "GET", "status": 200, "latency_ms": 13}
{"timestamp": "2026-06-23 21:30:19,314", "level": "INFO", "logger": "docmind.access", "message": "request", "endpoint": "/openapi.json", "method": "GET", "status": 200, "latency_ms": 361}
{"timestamp": "2026-06-23 21:30:32,803", "level": "INFO", "logger": "docmind.access", "message": "request", "endpoint": "/libraries", "method": "GET", "status": 401, "latency_ms": 2}
{"timestamp": "2026-06-23 21:30:48,822", "level": "INFO", "logger": "docmind.access", "message": "request", "endpoint": "/libraries", "method": "POST", "status": 401, "latency_ms": 4}
{"timestamp": "2026-06-23 21:31:26,425", "level": "INFO", "logger": "docmind.access", "message": "request", "endpoint": "/auth/login", "method": "POST", "status": 200, "latency_ms": 1101}
{"timestamp": "2026-06-23 21:31:36,504", "level": "INFO", "logger": "docmind.access", "message": "request", "endpoint": "/libraries", "method": "POST", "status": 200, "latency_ms": 19}
{"timestamp": "2026-06-23 21:31:54,268", "level": "INFO", "logger": "docmind.access", "message": "request", "endpoint": "/libraries/2", "method": "DELETE", "status": 200, "latency_ms": 13}
{"timestamp": "2026-06-23 21:32:05,051", "level": "INFO", "logger": "docmind.access", "message": "request", "endpoint": "/libraries/23", "method": "DELETE", "status": 200, "latency_ms": 15}
{"timestamp": "2026-06-23 21:32:08,489", "level": "INFO", "logger": "docmind.access", "message": "request", "endpoint": "/libraries/23", "method": "DELETE", "status": 200, "latency_ms": 4}
{"timestamp": "2026-06-23 21:32:33,872", "level": "INFO", "logger": "docmind.access", "message": "request", "endpoint": "/libraries/2", "method": "DELETE", "status": 200, "latency_ms": 4}
{"timestamp": "2026-06-23 21:32:34,925", "level": "INFO", "logger": "docmind.access", "message": "request", "endpoint": "/libraries/2", "method": "DELETE", "status": 200, "latency_ms": 3}
{"timestamp": "2026-06-23 21:32:35,127", "level": "INFO", "logger": "docmind.access", "message": "request", "endpoint": "/libraries/2", "method": "DELETE", "status": 200, "latency_ms": 3}
{"timestamp": "2026-06-23 21:33:16,328", "level": "INFO", "logger": "docmind.access", "message": "request", "endpoint": "/upload/2", "method": "POST", "status": 422, "latency_ms": 144}
{"timestamp": "2026-06-23 21:33:31,579", "level": "INFO", "logger": "docmind.access", "message": "request", "endpoint": "/libraries", "method": "POST", "status": 200, "latency_ms": 19}
{"timestamp": "2026-06-23 21:33:39,388", "level": "INFO", "logger": "docmind.access", "message": "request", "endpoint": "/upload/2", "method": "POST", "status": 422, "latency_ms": 3}
{"timestamp": "2026-06-23 21:33:43,046", "level": "INFO", "logger": "docmind.access", "message": "request", "endpoint": "/upload/2", "method": "POST", "status": 422, "latency_ms": 6}
{"timestamp": "2026-06-23 21:33:55,208", "level": "INFO", "logger": "docmind.access", "message": "request", "endpoint": "/upload/1", "method": "POST", "status": 422, "latency_ms": 6}
{"timestamp": "2026-06-23 21:34:10,766", "level": "INFO", "logger": "docmind.access", "message": "request", "endpoint": "/upload/1", "method": "POST", "status": 422, "latency_ms": 6}
{"timestamp": "2026-06-23 21:35:07,853", "level": "INFO", "logger": "docmind.access", "message": "request", "endpoint": "/upload/2", "method": "POST", "status": 422, "latency_ms": 6}
{"timestamp": "2026-06-23 21:35:27,101", "level": "INFO", "logger": "docmind.access", "message": "request", "endpoint": "/upload/3", "method": "POST", "status": 422, "latency_ms": 4}
{"timestamp": "2026-06-23 21:48:58,516", "level": "INFO", "logger": "docmind.access", "message": "request", "endpoint": "/libraries", "method": "POST", "status": 403, "latency_ms": 63}
{"timestamp": "2026-06-23 21:50:04,526", "level": "INFO", "logger": "docmind.access", "message": "request", "endpoint": "/libraries", "method": "POST", "status": 403, "latency_ms": 17}
{"timestamp": "2026-06-23 21:50:53,187", "level": "INFO", "logger": "docmind.access", "message": "request", "endpoint": "/libraries", "method": "POST", "status": 403, "latency_ms": 4}
{"timestamp": "2026-06-23 21:51:21,460", "level": "INFO", "logger": "docmind.access", "message": "request", "endpoint": "/libraries", "method": "POST", "status": 403, "latency_ms": 6}
{"timestamp": "2026-06-23 21:51:43,624", "level": "INFO", "logger": "docmind.access", "message": "request", "endpoint": "/libraries", "method": "GET", "status": 403, "latency_ms": 3}
{"timestamp": "2026-06-23 21:52:12,051", "level": "INFO", "logger": "docmind.access", "message": "request", "endpoint": "/libraries/2", "method": "DELETE", "status": 403, "latency_ms": 5}
{"timestamp": "2026-06-23 22:02:15,038", "level": "INFO", "logger": "docmind.access", "message": "request", "endpoint": "/auth/login", "method": "POST", "status": 200, "latency_ms": 1601}
{"timestamp": "2026-06-23 22:04:02,209", "level": "INFO", "logger": "docmind.access", "message": "request", "endpoint": "/auth/login", "method": "POST", "status": 200, "latency_ms": 739}
{"timestamp": "2026-06-23 22:04:19,626", "level": "INFO", "logger": "docmind.access", "message": "request", "endpoint": "/libraries", "method": "POST", "status": 200, "latency_ms": 57}
{"timestamp": "2026-06-23 22:07:56,913", "level": "INFO", "logger": "docmind.access", "message": "request", "endpoint": "/openapi.json", "method": "GET", "status": 200, "latency_ms": 64}
{"timestamp": "2026-06-23 22:07:57,123", "level": "INFO", "logger": "docmind.access", "message": "request", "endpoint": "/favicon.ico", "method": "GET", "status": 404, "latency_ms": 6}
{"timestamp": "2026-06-23 22:21:37,974", "level": "INFO", "logger": "docmind.access", "message": "request", "endpoint": "/sessions", "method": "POST", "status": 403, "latency_ms": 319}
{"timestamp": "2026-06-23 22:22:18,338", "level": "INFO", "logger": "docmind.access", "message": "request", "endpoint": "/auth/login", "method": "POST", "status": 401, "latency_ms": 118}
{"timestamp": "2026-06-23 22:22:24,358", "level": "INFO", "logger": "docmind.access", "message": "request", "endpoint": "/auth/login", "method": "POST", "status": 401, "latency_ms": 8}
{"timestamp": "2026-06-23 22:22:35,829", "level": "INFO", "logger": "docmind.access", "message": "request", "endpoint": "/auth/login", "method": "POST", "status": 401, "latency_ms": 7}
{"timestamp": "2026-06-23 23:19:51,130", "level": "INFO", "logger": "docmind.access", "message": "request", "endpoint": "/libraries", "method": "GET", "status": 401, "latency_ms": 52}
{"timestamp": "2026-06-23 23:19:51,140", "level": "INFO", "logger": "docmind.access", "message": "request", "endpoint": "/libraries", "method": "GET", "status": 401, "latency_ms": 2}
{"timestamp": "2026-06-23 23:19:51,157", "level": "INFO", "logger": "docmind.access", "message": "request", "endpoint": "/chat", "method": "POST", "status": 401, "latency_ms": 8}
{"timestamp": "2026-06-23 23:19:51,188", "level": "INFO", "logger": "docmind.access", "message": "request", "endpoint": "/chat", "method": "POST", "status": 400, "latency_ms": 23}
{"timestamp": "2026-06-23 23:19:51,202", "level": "INFO", "logger": "docmind.access", "message": "request", "endpoint": "/chat", "method": "POST", "status": 400, "latency_ms": 7}
{"timestamp": "2026-06-23 23:19:51,327", "level": "INFO", "logger": "docmind.access", "message": "request", "endpoint": "/auth/login", "method": "POST", "status": 413, "latency_ms": 2}
{"timestamp": "2026-06-23 23:19:51,363", "level": "INFO", "logger": "docmind.access", "message": "request", "endpoint": "/sessions", "method": "POST", "status": 404, "latency_ms": 14}
{"timestamp": "2026-06-23 23:19:51,378", "level": "INFO", "logger": "docmind.access", "message": "request", "endpoint": "/sessions/9999", "method": "DELETE", "status": 404, "latency_ms": 5}
{"timestamp": "2026-06-23 23:19:51,395", "level": "INFO", "logger": "docmind.access", "message": "request", "endpoint": "/libraries/9999", "method": "DELETE", "status": 404, "latency_ms": 8}
{"timestamp": "2026-06-23 23:19:51,426", "level": "INFO", "logger": "docmind.access", "message": "request", "endpoint": "/upload/9999", "method": "POST", "status": 404, "latency_ms": 13}
{"timestamp": "2026-06-23 23:19:51,442", "level": "INFO", "logger": "docmind.access", "message": "request", "endpoint": "/upload/9999", "method": "POST", "status": 404, "latency_ms": 9}
{"timestamp": "2026-06-23 23:19:51,467", "level": "INFO", "logger": "docmind.access", "message": "request", "endpoint": "/libraries", "method": "GET", "status": 401, "latency_ms": 16}
{"timestamp": "2026-06-23 23:19:51,504", "level": "INFO", "logger": "docmind.access", "message": "request", "endpoint": "/auth/verify-email", "method": "POST", "status": 200, "latency_ms": 16}
{"timestamp": "2026-06-23 23:19:51,514", "level": "INFO", "logger": "docmind.access", "message": "request", "endpoint": "/auth/verify-email", "method": "POST", "status": 422, "latency_ms": 2}
{"timestamp": "2026-06-23 23:20:31,458", "level": "INFO", "logger": "docmind.access", "message": "request", "endpoint": "/auth/verify-email", "method": "POST", "status": 422, "latency_ms": 60}
{"timestamp": "2026-06-24 16:55:46,015", "level": "INFO", "logger": "docmind.access", "message": "request", "endpoint": "/this-route-does-not-exist", "method": "GET", "status": 404, "latency_ms": 27}
{"timestamp": "2026-06-24 16:55:46,054", "level": "INFO", "logger": "docmind.access", "message": "request", "endpoint": "/search", "method": "POST", "status": 200, "latency_ms": 32}
{"timestamp": "2026-06-24 16:55:46,066", "level": "INFO", "logger": "docmind.access", "message": "request", "endpoint": "/search", "method": "POST", "status": 200, "latency_ms": 5}
{"timestamp": "2026-06-24 16:55:46,098", "level": "INFO", "logger": "docmind.access", "message": "request", "endpoint": "/chat", "method": "POST", "status": 404, "latency_ms": 18}
{"timestamp": "2026-06-24 16:55:46,125", "level": "INFO", "logger": "docmind.access", "message": "request", "endpoint": "/upload/1", "method": "POST", "status": 404, "latency_ms": 14}
{"timestamp": "2026-06-24 16:55:46,144", "level": "INFO", "logger": "docmind.access", "message": "request", "endpoint": "/chat", "method": "POST", "status": 422, "latency_ms": 5}
{"timestamp": "2026-06-24 16:55:46,160", "level": "INFO", "logger": "docmind.access", "message": "request", "endpoint": "/auth/verify-email", "method": "POST", "status": 422, "latency_ms": 4}
{"timestamp": "2026-06-24 16:55:46,218", "level": "INFO", "logger": "docmind.access", "message": "request", "endpoint": "/libraries/9999", "method": "DELETE", "status": 404, "latency_ms": 42}
{"timestamp": "2026-06-24 16:55:46,235", "level": "INFO", "logger": "docmind.access", "message": "request", "endpoint": "/sessions/9999", "method": "DELETE", "status": 404, "latency_ms": 9}
{"timestamp": "2026-06-24 17:04:23,476", "level": "INFO", "logger": "docmind.access", "message": "request", "endpoint": "/libraries", "method": "GET", "status": 401, "latency_ms": 26}
{"timestamp": "2026-06-24 17:04:23,483", "level": "INFO", "logger": "docmind.access", "message": "request", "endpoint": "/libraries", "method": "GET", "status": 401, "latency_ms": 2}
{"timestamp": "2026-06-24 17:04:23,499", "level": "INFO", "logger": "docmind.access", "message": "request", "endpoint": "/libraries", "method": "GET", "status": 401, "latency_ms": 10}
{"timestamp": "2026-06-24 17:04:23,510", "level": "INFO", "logger": "docmind.access", "message": "request", "endpoint": "/upload/1", "method": "POST", "status": 404, "latency_ms": 8}
{"timestamp": "2026-06-24 17:04:23,521", "level": "INFO", "logger": "docmind.access", "message": "request", "endpoint": "/upload/1", "method": "POST", "status": 404, "latency_ms": 7}
{"timestamp": "2026-06-24 17:04:23,528", "level": "INFO", "logger": "docmind.access", "message": "request", "endpoint": "/sessions", "method": "POST", "status": 404, "latency_ms": 5}
{"timestamp": "2026-06-24 17:04:23,537", "level": "INFO", "logger": "docmind.access", "message": "request", "endpoint": "/libraries/99999", "method": "DELETE", "status": 404, "latency_ms": 3}
{"timestamp": "2026-06-24 17:04:23,545", "level": "INFO", "logger": "docmind.access", "message": "request", "endpoint": "/sessions/99999", "method": "DELETE", "status": 404, "latency_ms": 4}
{"timestamp": "2026-06-24 17:04:23,560", "level": "INFO", "logger": "docmind.access", "message": "request", "endpoint": "/chat", "method": "POST", "status": 400, "latency_ms": 6}
{"timestamp": "2026-06-24 17:04:23,569", "level": "INFO", "logger": "docmind.access", "message": "request", "endpoint": "/chat", "method": "POST", "status": 400, "latency_ms": 3}
{"timestamp": "2026-06-24 17:04:23,580", "level": "INFO", "logger": "docmind.access", "message": "request", "endpoint": "/auth/verify-email", "method": "POST", "status": 422, "latency_ms": 6}
{"timestamp": "2026-06-24 17:04:23,585", "level": "INFO", "logger": "docmind.access", "message": "request", "endpoint": "/auth/verify-email", "method": "POST", "status": 422, "latency_ms": 2}
{"timestamp": "2026-06-24 17:04:23,596", "level": "INFO", "logger": "docmind.access", "message": "request", "endpoint": "/search", "method": "POST", "status": 200, "latency_ms": 6}
{"timestamp": "2026-06-24 17:04:23,606", "level": "INFO", "logger": "docmind.access", "message": "request", "endpoint": "/search", "method": "POST", "status": 200, "latency_ms": 4}
{"timestamp": "2026-06-24 17:04:23,614", "level": "INFO", "logger": "docmind.access", "message": "request", "endpoint": "/libraries", "method": "GET", "status": 200, "latency_ms": 3}
{"timestamp": "2026-06-24 17:05:05,918", "level": "INFO", "logger": "docmind.access", "message": "request", "endpoint": "/libraries", "method": "GET", "status": 401, "latency_ms": 31}
{"timestamp": "2026-06-24 17:05:05,925", "level": "INFO", "logger": "docmind.access", "message": "request", "endpoint": "/libraries", "method": "GET", "status": 401, "latency_ms": 1}
{"timestamp": "2026-06-24 17:05:05,939", "level": "INFO", "logger": "docmind.access", "message": "request", "endpoint": "/sessions", "method": "POST", "status": 404, "latency_ms": 8}
{"timestamp": "2026-06-24 17:05:05,945", "level": "INFO", "logger": "docmind.access", "message": "request", "endpoint": "/libraries/99999", "method": "DELETE", "status": 404, "latency_ms": 3}
{"timestamp": "2026-06-24 17:05:05,954", "level": "INFO", "logger": "docmind.access", "message": "request", "endpoint": "/sessions/99999", "method": "DELETE", "status": 404, "latency_ms": 4}
{"timestamp": "2026-06-24 17:05:05,965", "level": "INFO", "logger": "docmind.access", "message": "request", "endpoint": "/chat", "method": "POST", "status": 400, "latency_ms": 6}
{"timestamp": "2026-06-24 17:05:05,972", "level": "INFO", "logger": "docmind.access", "message": "request", "endpoint": "/chat", "method": "POST", "status": 400, "latency_ms": 4}
{"timestamp": "2026-06-24 17:05:05,981", "level": "INFO", "logger": "docmind.access", "message": "request", "endpoint": "/auth/verify-email", "method": "POST", "status": 422, "latency_ms": 5}
{"timestamp": "2026-06-24 17:05:05,992", "level": "INFO", "logger": "docmind.access", "message": "request", "endpoint": "/search", "method": "POST", "status": 200, "latency_ms": 6}
{"timestamp": "2026-06-24 17:05:05,997", "level": "INFO", "logger": "docmind.access", "message": "request", "endpoint": "/libraries", "method": "GET", "status": 200, "latency_ms": 2}
{"timestamp": "2026-06-24 17:05:06,018", "level": "INFO", "logger": "docmind.access", "message": "request", "endpoint": "/libraries", "method": "POST", "status": 200, "latency_ms": 13}
{"timestamp": "2026-06-24 17:05:06,029", "level": "INFO", "logger": "docmind.access", "message": "request", "endpoint": "/sessions", "method": "GET", "status": 200, "latency_ms": 5}
{"timestamp": "2026-06-24 17:05:06,041", "level": "INFO", "logger": "docmind.access", "message": "request", "endpoint": "/sessions", "method": "POST", "status": 200, "latency_ms": 8}
{"timestamp": "2026-06-24 17:05:48,730", "level": "INFO", "logger": "docmind.access", "message": "request", "endpoint": "/libraries", "method": "GET", "status": 401, "latency_ms": 28}
{"timestamp": "2026-06-24 17:05:48,744", "level": "INFO", "logger": "docmind.access", "message": "request", "endpoint": "/sessions", "method": "POST", "status": 404, "latency_ms": 8}
{"timestamp": "2026-06-24 17:05:48,752", "level": "INFO", "logger": "docmind.access", "message": "request", "endpoint": "/libraries/99999", "method": "DELETE", "status": 404, "latency_ms": 4}
{"timestamp": "2026-06-24 17:05:48,762", "level": "INFO", "logger": "docmind.access", "message": "request", "endpoint": "/chat", "method": "POST", "status": 400, "latency_ms": 5}
{"timestamp": "2026-06-24 17:05:48,774", "level": "INFO", "logger": "docmind.access", "message": "request", "endpoint": "/chat", "method": "POST", "status": 400, "latency_ms": 6}
{"timestamp": "2026-06-24 17:05:48,788", "level": "INFO", "logger": "docmind.access", "message": "request", "endpoint": "/auth/verify-email", "method": "POST", "status": 422, "latency_ms": 7}
{"timestamp": "2026-06-24 17:05:48,803", "level": "INFO", "logger": "docmind.access", "message": "request", "endpoint": "/search", "method": "POST", "status": 200, "latency_ms": 9}
{"timestamp": "2026-06-24 17:05:48,812", "level": "INFO", "logger": "docmind.access", "message": "request", "endpoint": "/search", "method": "POST", "status": 200, "latency_ms": 5}
{"timestamp": "2026-06-24 17:05:48,820", "level": "INFO", "logger": "docmind.access", "message": "request", "endpoint": "/libraries", "method": "GET", "status": 200, "latency_ms": 3}
{"timestamp": "2026-06-24 17:05:48,841", "level": "INFO", "logger": "docmind.access", "message": "request", "endpoint": "/libraries", "method": "POST", "status": 200, "latency_ms": 16}
{"timestamp": "2026-06-24 17:05:48,851", "level": "INFO", "logger": "docmind.access", "message": "request", "endpoint": "/sessions", "method": "GET", "status": 200, "latency_ms": 5}
{"timestamp": "2026-06-24 17:05:48,861", "level": "INFO", "logger": "docmind.access", "message": "request", "endpoint": "/analytics", "method": "GET", "status": 200, "latency_ms": 4}
{"timestamp": "2026-06-24 17:05:48,879", "level": "INFO", "logger": "docmind.access", "message": "request", "endpoint": "/analytics", "method": "GET", "status": 200, "latency_ms": 13}
